<?xml version="1.0" encoding="UTF-8"?>
<!-- Generated by org.testng.reporters.JUnitXMLReporter -->
<testsuite ignored="6" hostname="HR-47" failures="0" tests="3" name="Test_G" time="0.078" errors="0" timestamp="2024-08-02T11:36:56 IST">
  <testcase classname="Day10.GroupingDemo" name="loginByfacebook" time="0.009"/>
  <testcase classname="Day10.GroupingDemo" name="loginBytwitter" time="0.002"/>
  <testcase classname="Day10.GroupingDemo" name="paymentindollar" time="0.001"/>
  <testcase classname="Day10.GroupingDemo" name="paymentReturnbyBank" time="0.0">
    <ignored/>
  </testcase> <!-- paymentReturnbyBank -->
  <testcase classname="Day10.GroupingDemo" name="loginByEmail" time="0.0">
    <ignored/>
  </testcase> <!-- loginByEmail -->
  <testcase classname="Day10.GroupingDemo" name="signupbyemail" time="0.0">
    <ignored/>
  </testcase> <!-- signupbyemail -->
  <testcase classname="Day10.GroupingDemo" name="signupbytwitter" time="0.0">
    <ignored/>
  </testcase> <!-- signupbytwitter -->
  <testcase classname="Day10.GroupingDemo" name="signupbyfacebook" time="0.0">
    <ignored/>
  </testcase> <!-- signupbyfacebook -->
  <testcase classname="Day10.GroupingDemo" name="paymentinrupees" time="0.0">
    <ignored/>
  </testcase> <!-- paymentinrupees -->
</testsuite> <!-- Test_G -->
