<?xml version="1.0" encoding="UTF-8"?>
<testng-results ignored="0" total="6" passed="6" failed="0" skipped="0">
  <reporter-output>
  </reporter-output>
  <suite started-at="2024-08-02T13:12:40 IST" name="Suite" finished-at="2024-08-02T13:13:13 IST" duration-ms="33045">
    <groups>
    </groups>
    <test started-at="2024-08-02T13:12:40 IST" name="ch" finished-at="2024-08-02T13:12:54 IST" duration-ms="14283">
      <class name="Day10.parallelDemo">
        <test-method is-config="true" signature="setup(java.lang.String)[pri:0, instance:Day10.parallelDemo@7c7b252e]" started-at="2024-08-02T13:12:40 IST" name="setup" finished-at="2024-08-02T13:12:49 IST" duration-ms="9135" status="PASS">
          <params>
            <param index="0">
              <value>
                <![CDATA[chrome]]>
              </value>
            </param>
          </params>
          <reporter-output>
          </reporter-output>
        </test-method> <!-- setup -->
        <test-method signature="Logo()[pri:1, instance:Day10.parallelDemo@7c7b252e]" started-at="2024-08-02T13:12:49 IST" name="Logo" finished-at="2024-08-02T13:12:52 IST" duration-ms="3070" status="PASS">
          <reporter-output>
          </reporter-output>
        </test-method> <!-- Logo -->
        <test-method signature="Login()[pri:2, instance:Day10.parallelDemo@7c7b252e]" started-at="2024-08-02T13:12:52 IST" name="Login" finished-at="2024-08-02T13:12:54 IST" duration-ms="1674" status="PASS">
          <reporter-output>
          </reporter-output>
        </test-method> <!-- Login -->
        <test-method is-config="true" signature="teardown()[pri:0, instance:Day10.parallelDemo@7c7b252e]" started-at="2024-08-02T13:12:54 IST" name="teardown" finished-at="2024-08-02T13:12:54 IST" duration-ms="359" status="PASS">
          <reporter-output>
          </reporter-output>
        </test-method> <!-- teardown -->
      </class> <!-- Day10.parallelDemo -->
    </test> <!-- ch -->
    <test started-at="2024-08-02T13:12:40 IST" name="ff" finished-at="2024-08-02T13:13:07 IST" duration-ms="26869">
      <class name="Day10.parallelDemo">
        <test-method is-config="true" signature="setup(java.lang.String)[pri:0, instance:Day10.parallelDemo@54d9d12d]" started-at="2024-08-02T13:12:40 IST" name="setup" finished-at="2024-08-02T13:13:00 IST" duration-ms="19511" status="PASS">
          <params>
            <param index="0">
              <value>
                <![CDATA[firefox]]>
              </value>
            </param>
          </params>
          <reporter-output>
          </reporter-output>
        </test-method> <!-- setup -->
        <test-method signature="Logo()[pri:1, instance:Day10.parallelDemo@54d9d12d]" started-at="2024-08-02T13:13:00 IST" name="Logo" finished-at="2024-08-02T13:13:03 IST" duration-ms="3052" status="PASS">
          <reporter-output>
          </reporter-output>
        </test-method> <!-- Logo -->
        <test-method signature="Login()[pri:2, instance:Day10.parallelDemo@54d9d12d]" started-at="2024-08-02T13:13:03 IST" name="Login" finished-at="2024-08-02T13:13:04 IST" duration-ms="1365" status="PASS">
          <reporter-output>
          </reporter-output>
        </test-method> <!-- Login -->
        <test-method is-config="true" signature="teardown()[pri:0, instance:Day10.parallelDemo@54d9d12d]" started-at="2024-08-02T13:13:04 IST" name="teardown" finished-at="2024-08-02T13:13:07 IST" duration-ms="2905" status="PASS">
          <reporter-output>
          </reporter-output>
        </test-method> <!-- teardown -->
      </class> <!-- Day10.parallelDemo -->
    </test> <!-- ff -->
    <test started-at="2024-08-02T13:12:40 IST" name="edge" finished-at="2024-08-02T13:13:13 IST" duration-ms="33045">
      <class name="Day10.parallelDemo">
        <test-method is-config="true" signature="setup(java.lang.String)[pri:0, instance:Day10.parallelDemo@43bc63a3]" started-at="2024-08-02T13:12:40 IST" name="setup" finished-at="2024-08-02T13:13:07 IST" duration-ms="26715" status="PASS">
          <params>
            <param index="0">
              <value>
                <![CDATA[edge]]>
              </value>
            </param>
          </params>
          <reporter-output>
          </reporter-output>
        </test-method> <!-- setup -->
        <test-method signature="Logo()[pri:1, instance:Day10.parallelDemo@43bc63a3]" started-at="2024-08-02T13:13:07 IST" name="Logo" finished-at="2024-08-02T13:13:10 IST" duration-ms="3043" status="PASS">
          <reporter-output>
          </reporter-output>
        </test-method> <!-- Logo -->
        <test-method signature="Login()[pri:2, instance:Day10.parallelDemo@43bc63a3]" started-at="2024-08-02T13:13:10 IST" name="Login" finished-at="2024-08-02T13:13:11 IST" duration-ms="1413" status="PASS">
          <reporter-output>
          </reporter-output>
        </test-method> <!-- Login -->
        <test-method is-config="true" signature="teardown()[pri:0, instance:Day10.parallelDemo@43bc63a3]" started-at="2024-08-02T13:13:11 IST" name="teardown" finished-at="2024-08-02T13:13:13 IST" duration-ms="1839" status="PASS">
          <reporter-output>
          </reporter-output>
        </test-method> <!-- teardown -->
      </class> <!-- Day10.parallelDemo -->
    </test> <!-- edge -->
  </suite> <!-- Suite -->
</testng-results>
